<?xml version="1.0" encoding="UTF-8"?>
<coverage generated="1536932160632" clover="3.2.0">
  <project timestamp="1536932160632" name="All files">
    <metrics statements="137" coveredstatements="126" conditionals="28" coveredconditionals="22" methods="45" coveredmethods="39" elements="210" coveredelements="187" complexity="0" loc="137" ncloc="137" packages="10" files="13" classes="13">
      <package name="Button">
        <metrics statements="12" coveredstatements="12" conditionals="5" coveredconditionals="5" methods="4" coveredmethods="4"/>
        <file name="Button.jsx" path="/Users/yevhenii.mykhailenko/projects/ui-kit/src/components/Button/Button.jsx">
          <metrics statements="12" coveredstatements="12" conditionals="5" coveredconditionals="5" methods="4" coveredmethods="4"/>
          <line num="9" count="1" type="stmt"/>
          <line num="21" count="7" type="stmt"/>
          <line num="23" count="7" type="stmt"/>
          <line num="24" count="7" type="stmt"/>
          <line num="31" count="7" type="stmt"/>
          <line num="32" count="7" type="cond" truecount="3" falsecount="0"/>
          <line num="42" count="7" type="stmt"/>
          <line num="43" count="1" type="cond" truecount="2" falsecount="0"/>
          <line num="46" count="7" type="stmt"/>
          <line num="59" count="1" type="stmt"/>
          <line num="61" count="1" type="stmt"/>
          <line num="84" count="1" type="stmt"/>
        </file>
      </package>
      <package name="Grid">
        <metrics statements="15" coveredstatements="15" conditionals="0" coveredconditionals="0" methods="4" coveredmethods="4"/>
        <file name="Col.jsx" path="/Users/yevhenii.mykhailenko/projects/ui-kit/src/components/Grid/Col.jsx">
          <metrics statements="7" coveredstatements="7" conditionals="0" coveredconditionals="0" methods="2" coveredmethods="2"/>
          <line num="6" count="1" type="stmt"/>
          <line num="7" count="12" type="stmt"/>
          <line num="9" count="12" type="stmt"/>
          <line num="10" count="12" type="stmt"/>
          <line num="18" count="12" type="stmt"/>
          <line num="21" count="1" type="stmt"/>
          <line num="40" count="1" type="stmt"/>
        </file>
        <file name="Container.jsx" path="/Users/yevhenii.mykhailenko/projects/ui-kit/src/components/Grid/Container.jsx">
          <metrics statements="4" coveredstatements="4" conditionals="0" coveredconditionals="0" methods="1" coveredmethods="1"/>
          <line num="5" count="1" type="stmt"/>
          <line num="6" count="2" type="stmt"/>
          <line num="8" count="2" type="stmt"/>
          <line num="11" count="1" type="stmt"/>
        </file>
        <file name="Row.jsx" path="/Users/yevhenii.mykhailenko/projects/ui-kit/src/components/Grid/Row.jsx">
          <metrics statements="4" coveredstatements="4" conditionals="0" coveredconditionals="0" methods="1" coveredmethods="1"/>
          <line num="5" count="1" type="stmt"/>
          <line num="6" count="2" type="stmt"/>
          <line num="8" count="2" type="stmt"/>
          <line num="11" count="1" type="stmt"/>
        </file>
      </package>
      <package name="Icon">
        <metrics statements="13" coveredstatements="7" conditionals="0" coveredconditionals="0" methods="5" coveredmethods="1"/>
        <file name="Icon.jsx" path="/Users/yevhenii.mykhailenko/projects/ui-kit/src/components/Icon/Icon.jsx">
          <metrics statements="7" coveredstatements="7" conditionals="0" coveredconditionals="0" methods="1" coveredmethods="1"/>
          <line num="8" count="6" type="stmt"/>
          <line num="10" count="6" type="stmt"/>
          <line num="11" count="6" type="stmt"/>
          <line num="13" count="6" type="stmt"/>
          <line num="25" count="6" type="stmt"/>
          <line num="38" count="6" type="stmt"/>
          <line num="45" count="6" type="stmt"/>
        </file>
        <file name="importIcons.js" path="/Users/yevhenii.mykhailenko/projects/ui-kit/src/components/Icon/importIcons.js">
          <metrics statements="6" coveredstatements="0" conditionals="0" coveredconditionals="0" methods="4" coveredmethods="0"/>
          <line num="3" count="0" type="stmt"/>
          <line num="6" count="0" type="stmt"/>
          <line num="8" count="0" type="stmt"/>
          <line num="10" count="0" type="stmt"/>
          <line num="12" count="0" type="stmt"/>
          <line num="13" count="0" type="stmt"/>
        </file>
      </package>
      <package name="Input">
        <metrics statements="31" coveredstatements="27" conditionals="12" coveredconditionals="7" methods="11" coveredmethods="9"/>
        <file name="Input.jsx" path="/Users/yevhenii.mykhailenko/projects/ui-kit/src/components/Input/Input.jsx">
          <metrics statements="31" coveredstatements="27" conditionals="12" coveredconditionals="7" methods="11" coveredmethods="9"/>
          <line num="15" count="11" type="stmt"/>
          <line num="18" count="11" type="stmt"/>
          <line num="25" count="11" type="stmt"/>
          <line num="26" count="11" type="stmt"/>
          <line num="27" count="11" type="stmt"/>
          <line num="28" count="11" type="stmt"/>
          <line num="32" count="1" type="stmt"/>
          <line num="38" count="0" type="cond" truecount="0" falsecount="2"/>
          <line num="39" count="0" type="stmt"/>
          <line num="46" count="12" type="stmt"/>
          <line num="47" count="12" type="stmt"/>
          <line num="49" count="12" type="stmt"/>
          <line num="59" count="12" type="stmt"/>
          <line num="60" count="12" type="stmt"/>
          <line num="62" count="12" type="stmt"/>
          <line num="69" count="0" type="stmt"/>
          <line num="71" count="0" type="stmt"/>
          <line num="78" count="2" type="stmt"/>
          <line num="80" count="2" type="cond" truecount="2" falsecount="0"/>
          <line num="81" count="1" type="stmt"/>
          <line num="86" count="12" type="stmt"/>
          <line num="88" count="12" type="cond" truecount="2" falsecount="0"/>
          <line num="92" count="12" type="stmt"/>
          <line num="94" count="12" type="stmt"/>
          <line num="109" count="12" type="stmt"/>
          <line num="111" count="12" type="stmt"/>
          <line num="129" count="12" type="stmt"/>
          <line num="130" count="12" type="stmt"/>
          <line num="132" count="12" type="stmt"/>
          <line num="150" count="2" type="stmt"/>
          <line num="167" count="2" type="stmt"/>
        </file>
      </package>
      <package name="InputGroup">
        <metrics statements="4" coveredstatements="4" conditionals="0" coveredconditionals="0" methods="1" coveredmethods="1"/>
        <file name="InputGroup.jsx" path="/Users/yevhenii.mykhailenko/projects/ui-kit/src/components/InputGroup/InputGroup.jsx">
          <metrics statements="4" coveredstatements="4" conditionals="0" coveredconditionals="0" methods="1" coveredmethods="1"/>
          <line num="5" count="1" type="stmt"/>
          <line num="6" count="1" type="stmt"/>
          <line num="8" count="1" type="stmt"/>
          <line num="11" count="1" type="stmt"/>
        </file>
      </package>
      <package name="Label">
        <metrics statements="6" coveredstatements="6" conditionals="0" coveredconditionals="0" methods="1" coveredmethods="1"/>
        <file name="Label.jsx" path="/Users/yevhenii.mykhailenko/projects/ui-kit/src/components/Label/Label.jsx">
          <metrics statements="6" coveredstatements="6" conditionals="0" coveredconditionals="0" methods="1" coveredmethods="1"/>
          <line num="7" count="1" type="stmt"/>
          <line num="8" count="4" type="stmt"/>
          <line num="10" count="4" type="stmt"/>
          <line num="23" count="1" type="stmt"/>
          <line num="34" count="1" type="stmt"/>
          <line num="40" count="1" type="stmt"/>
        </file>
      </package>
      <package name="Logo">
        <metrics statements="6" coveredstatements="6" conditionals="0" coveredconditionals="0" methods="1" coveredmethods="1"/>
        <file name="Logo.jsx" path="/Users/yevhenii.mykhailenko/projects/ui-kit/src/components/Logo/Logo.jsx">
          <metrics statements="6" coveredstatements="6" conditionals="0" coveredconditionals="0" methods="1" coveredmethods="1"/>
          <line num="5" count="1" type="stmt"/>
          <line num="6" count="3" type="stmt"/>
          <line num="7" count="3" type="stmt"/>
          <line num="9" count="3" type="stmt"/>
          <line num="16" count="1" type="stmt"/>
          <line num="31" count="1" type="stmt"/>
        </file>
      </package>
      <package name="Select">
        <metrics statements="26" coveredstatements="25" conditionals="11" coveredconditionals="10" methods="8" coveredmethods="8"/>
        <file name="Select.jsx" path="/Users/yevhenii.mykhailenko/projects/ui-kit/src/components/Select/Select.jsx">
          <metrics statements="26" coveredstatements="25" conditionals="11" coveredconditionals="10" methods="8" coveredmethods="8"/>
          <line num="12" count="10" type="stmt"/>
          <line num="14" count="10" type="stmt"/>
          <line num="18" count="10" type="stmt"/>
          <line num="22" count="12" type="stmt"/>
          <line num="23" count="12" type="stmt"/>
          <line num="25" count="12" type="stmt"/>
          <line num="35" count="12" type="stmt"/>
          <line num="38" count="12" type="stmt"/>
          <line num="39" count="60" type="stmt"/>
          <line num="44" count="12" type="cond" truecount="2" falsecount="0"/>
          <line num="47" count="12" type="stmt"/>
          <line num="51" count="3" type="stmt"/>
          <line num="53" count="3" type="cond" truecount="2" falsecount="0"/>
          <line num="54" count="1" type="stmt"/>
          <line num="57" count="2" type="cond" truecount="1" falsecount="1"/>
          <line num="58" count="2" type="stmt"/>
          <line num="62" count="0" type="stmt"/>
          <line num="67" count="2" type="stmt"/>
          <line num="71" count="12" type="stmt"/>
          <line num="73" count="12" type="stmt"/>
          <line num="80" count="12" type="stmt"/>
          <line num="82" count="12" type="stmt"/>
          <line num="102" count="12" type="stmt"/>
          <line num="104" count="12" type="stmt"/>
          <line num="133" count="1" type="stmt"/>
          <line num="161" count="1" type="stmt"/>
        </file>
      </package>
      <package name="SportsNavigation">
        <metrics statements="12" coveredstatements="12" conditionals="0" coveredconditionals="0" methods="5" coveredmethods="5"/>
        <file name="SportsNavigation.jsx" path="/Users/yevhenii.mykhailenko/projects/ui-kit/src/components/SportsNavigation/SportsNavigation.jsx">
          <metrics statements="12" coveredstatements="12" conditionals="0" coveredconditionals="0" methods="5" coveredmethods="5"/>
          <line num="8" count="1" type="stmt"/>
          <line num="9" count="4" type="stmt"/>
          <line num="11" count="4" type="stmt"/>
          <line num="12" count="16" type="stmt"/>
          <line num="16" count="4" type="stmt"/>
          <line num="17" count="4" type="stmt"/>
          <line num="18" count="16" type="stmt"/>
          <line num="25" count="1" type="stmt"/>
          <line num="32" count="4" type="stmt"/>
          <line num="35" count="1" type="stmt"/>
          <line num="37" count="1" type="stmt"/>
          <line num="52" count="1" type="stmt"/>
        </file>
      </package>
      <package name="Tabs">
        <metrics statements="12" coveredstatements="12" conditionals="0" coveredconditionals="0" methods="5" coveredmethods="5"/>
        <file name="Tabs.jsx" path="/Users/yevhenii.mykhailenko/projects/ui-kit/src/components/Tabs/Tabs.jsx">
          <metrics statements="12" coveredstatements="12" conditionals="0" coveredconditionals="0" methods="5" coveredmethods="5"/>
          <line num="6" count="1" type="stmt"/>
          <line num="7" count="5" type="stmt"/>
          <line num="9" count="5" type="stmt"/>
          <line num="10" count="20" type="stmt"/>
          <line num="14" count="5" type="stmt"/>
          <line num="15" count="5" type="stmt"/>
          <line num="16" count="20" type="stmt"/>
          <line num="20" count="1" type="stmt"/>
          <line num="27" count="5" type="stmt"/>
          <line num="38" count="1" type="stmt"/>
          <line num="40" count="1" type="stmt"/>
          <line num="56" count="1" type="stmt"/>
        </file>
      </package>
    </metrics>
  </project>
</coverage>
