{"/Users/yevhenii.mykhailenko/projects/ui-kit/src/components/Button/Button.jsx": {"path":"/Users/yevhenii.mykhailenko/projects/ui-kit/src/components/Button/Button.jsx","statementMap":{"0":{"start":{"line":9,"column":15},"end":{"line":57,"column":1}},"1":{"start":{"line":21,"column":6},"end":{"line":21,"column":11}},"2":{"start":{"line":23,"column":24},"end":{"line":29,"column":6}},"3":{"start":{"line":24,"column":4},"end":{"line":29,"column":6}},"4":{"start":{"line":31,"column":21},"end":{"line":40,"column":5}},"5":{"start":{"line":32,"column":4},"end":{"line":40,"column":5}},"6":{"start":{"line":42,"column":22},"end":{"line":44,"column":3}},"7":{"start":{"line":43,"column":4},"end":{"line":43,"column":32}},"8":{"start":{"line":46,"column":2},"end":{"line":56,"column":4}},"9":{"start":{"line":59,"column":0},"end":{"line":59,"column":23}},"10":{"start":{"line":61,"column":0},"end":{"line":82,"column":2}},"11":{"start":{"line":84,"column":0},"end":{"line":94,"column":2}}},"fnMap":{"0":{"name":"(anonymous_0)","decl":{"start":{"line":9,"column":15},"end":{"line":9,"column":16}},"loc":{"start":{"line":9,"column":26},"end":{"line":57,"column":1}},"line":9},"1":{"name":"(anonymous_1)","decl":{"start":{"line":23,"column":24},"end":{"line":23,"column":25}},"loc":{"start":{"line":24,"column":4},"end":{"line":29,"column":6}},"line":24},"2":{"name":"(anonymous_2)","decl":{"start":{"line":31,"column":21},"end":{"line":31,"column":22}},"loc":{"start":{"line":32,"column":4},"end":{"line":40,"column":5}},"line":32},"3":{"name":"(anonymous_3)","decl":{"start":{"line":42,"column":22},"end":{"line":42,"column":23}},"loc":{"start":{"line":42,"column":33},"end":{"line":44,"column":3}},"line":42}},"branchMap":{"0":{"loc":{"start":{"line":32,"column":4},"end":{"line":40,"column":5}},"type":"binary-expr","locations":[{"start":{"line":32,"column":4},"end":{"line":32,"column":8}},{"start":{"line":33,"column":4},"end":{"line":33,"column":14}},{"start":{"line":34,"column":6},"end":{"line":39,"column":8}}],"line":32},"1":{"loc":{"start":{"line":43,"column":4},"end":{"line":43,"column":31}},"type":"binary-expr","locations":[{"start":{"line":43,"column":4},"end":{"line":43,"column":13}},{"start":{"line":43,"column":17},"end":{"line":43,"column":31}}],"line":43}},"s":{"0":1,"1":7,"2":7,"3":7,"4":7,"5":7,"6":7,"7":1,"8":7,"9":1,"10":1,"11":1},"f":{"0":7,"1":7,"2":7,"3":1},"b":{"0":[7,1,1],"1":[1,1]},"_coverageSchema":"332fd63041d2c1bcb487cc26dd0d5f7d97098a6c","hash":"9a786e4797ea1d8496b520f4c3eba91c14b1def9"}
,"/Users/yevhenii.mykhailenko/projects/ui-kit/src/components/Grid/Col.jsx": {"path":"/Users/yevhenii.mykhailenko/projects/ui-kit/src/components/Grid/Col.jsx","statementMap":{"0":{"start":{"line":6,"column":12},"end":{"line":19,"column":1}},"1":{"start":{"line":7,"column":56},"end":{"line":7,"column":61}},"2":{"start":{"line":9,"column":24},"end":{"line":16,"column":5}},"3":{"start":{"line":10,"column":4},"end":{"line":16,"column":5}},"4":{"start":{"line":18,"column":2},"end":{"line":18,"column":65}},"5":{"start":{"line":21,"column":0},"end":{"line":38,"column":2}},"6":{"start":{"line":40,"column":0},"end":{"line":46,"column":2}}},"fnMap":{"0":{"name":"(anonymous_0)","decl":{"start":{"line":6,"column":12},"end":{"line":6,"column":13}},"loc":{"start":{"line":6,"column":23},"end":{"line":19,"column":1}},"line":6},"1":{"name":"(anonymous_1)","decl":{"start":{"line":9,"column":24},"end":{"line":9,"column":25}},"loc":{"start":{"line":10,"column":4},"end":{"line":16,"column":5}},"line":10}},"branchMap":{},"s":{"0":1,"1":12,"2":12,"3":12,"4":12,"5":1,"6":1},"f":{"0":12,"1":12},"b":{},"_coverageSchema":"332fd63041d2c1bcb487cc26dd0d5f7d97098a6c","hash":"a6d489735db4da10623f0c157b46cc109b7bc340"}
,"/Users/yevhenii.mykhailenko/projects/ui-kit/src/components/Grid/Container.jsx": {"path":"/Users/yevhenii.mykhailenko/projects/ui-kit/src/components/Grid/Container.jsx","statementMap":{"0":{"start":{"line":5,"column":18},"end":{"line":9,"column":1}},"1":{"start":{"line":6,"column":23},"end":{"line":6,"column":28}},"2":{"start":{"line":8,"column":2},"end":{"line":8,"column":60}},"3":{"start":{"line":11,"column":0},"end":{"line":18,"column":2}}},"fnMap":{"0":{"name":"(anonymous_0)","decl":{"start":{"line":5,"column":18},"end":{"line":5,"column":19}},"loc":{"start":{"line":5,"column":29},"end":{"line":9,"column":1}},"line":5}},"branchMap":{},"s":{"0":1,"1":2,"2":2,"3":1},"f":{"0":2},"b":{},"_coverageSchema":"332fd63041d2c1bcb487cc26dd0d5f7d97098a6c","hash":"0edff215ca58d0a80d4662a8456607bf169a875b"}
,"/Users/yevhenii.mykhailenko/projects/ui-kit/src/components/Grid/Row.jsx": {"path":"/Users/yevhenii.mykhailenko/projects/ui-kit/src/components/Grid/Row.jsx","statementMap":{"0":{"start":{"line":5,"column":12},"end":{"line":9,"column":1}},"1":{"start":{"line":6,"column":23},"end":{"line":6,"column":28}},"2":{"start":{"line":8,"column":2},"end":{"line":8,"column":54}},"3":{"start":{"line":11,"column":0},"end":{"line":18,"column":2}}},"fnMap":{"0":{"name":"(anonymous_0)","decl":{"start":{"line":5,"column":12},"end":{"line":5,"column":13}},"loc":{"start":{"line":5,"column":23},"end":{"line":9,"column":1}},"line":5}},"branchMap":{},"s":{"0":1,"1":2,"2":2,"3":1},"f":{"0":2},"b":{},"_coverageSchema":"332fd63041d2c1bcb487cc26dd0d5f7d97098a6c","hash":"bbba2c60cb799297c46d1d12337c41472fe10598"}
,"/Users/yevhenii.mykhailenko/projects/ui-kit/src/components/Icon/Icon.jsx": {"path":"/Users/yevhenii.mykhailenko/projects/ui-kit/src/components/Icon/Icon.jsx","statementMap":{"0":{"start":{"line":8,"column":25},"end":{"line":8,"column":43}},"1":{"start":{"line":10,"column":13},"end":{"line":23,"column":1}},"2":{"start":{"line":11,"column":52},"end":{"line":11,"column":57}},"3":{"start":{"line":13,"column":2},"end":{"line":22,"column":4}},"4":{"start":{"line":25,"column":0},"end":{"line":36,"column":2}},"5":{"start":{"line":38,"column":0},"end":{"line":43,"column":2}},"6":{"start":{"line":45,"column":0},"end":{"line":45,"column":21}}},"fnMap":{"0":{"name":"(anonymous_0)","decl":{"start":{"line":10,"column":13},"end":{"line":10,"column":14}},"loc":{"start":{"line":10,"column":24},"end":{"line":23,"column":1}},"line":10}},"branchMap":{},"s":{"0":6,"1":6,"2":6,"3":6,"4":6,"5":6,"6":6},"f":{"0":6},"b":{},"_coverageSchema":"332fd63041d2c1bcb487cc26dd0d5f7d97098a6c","hash":"91fca7906d11c2993eeb86e3266b5f95b107ed89"}
,"/Users/yevhenii.mykhailenko/projects/ui-kit/src/components/Icon/importIcons.js": {"path":"/Users/yevhenii.mykhailenko/projects/ui-kit/src/components/Icon/importIcons.js","statementMap":{"0":{"start":{"line":3,"column":4},"end":{"line":3,"column":24}},"1":{"start":{"line":6,"column":16},"end":{"line":6,"column":72}},"2":{"start":{"line":8,"column":2},"end":{"line":8,"column":24}},"3":{"start":{"line":10,"column":2},"end":{"line":13,"column":39}},"4":{"start":{"line":12,"column":16},"end":{"line":12,"column":35}},"5":{"start":{"line":13,"column":16},"end":{"line":13,"column":37}}},"fnMap":{"0":{"name":"(anonymous_0)","decl":{"start":{"line":1,"column":15},"end":{"line":1,"column":16}},"loc":{"start":{"line":1,"column":26},"end":{"line":14,"column":1}},"line":1},"1":{"name":"importAllIcons","decl":{"start":{"line":2,"column":11},"end":{"line":2,"column":25}},"loc":{"start":{"line":2,"column":29},"end":{"line":4,"column":3}},"line":2},"2":{"name":"(anonymous_2)","decl":{"start":{"line":12,"column":9},"end":{"line":12,"column":10}},"loc":{"start":{"line":12,"column":16},"end":{"line":12,"column":35}},"line":12},"3":{"name":"(anonymous_3)","decl":{"start":{"line":13,"column":9},"end":{"line":13,"column":10}},"loc":{"start":{"line":13,"column":16},"end":{"line":13,"column":37}},"line":13}},"branchMap":{},"s":{"0":0,"1":0,"2":0,"3":0,"4":0,"5":0},"f":{"0":0,"1":0,"2":0,"3":0},"b":{},"_coverageSchema":"332fd63041d2c1bcb487cc26dd0d5f7d97098a6c","hash":"3351aee3ad93c8e0e00f5fe7087bc5422b532e45"}
,"/Users/yevhenii.mykhailenko/projects/ui-kit/src/components/Input/Input.jsx": {"path":"/Users/yevhenii.mykhailenko/projects/ui-kit/src/components/Input/Input.jsx","statementMap":{"0":{"start":{"line":15,"column":4},"end":{"line":15,"column":17}},"1":{"start":{"line":18,"column":4},"end":{"line":23,"column":6}},"2":{"start":{"line":25,"column":4},"end":{"line":25,"column":61}},"3":{"start":{"line":26,"column":4},"end":{"line":26,"column":43}},"4":{"start":{"line":27,"column":4},"end":{"line":27,"column":41}},"5":{"start":{"line":28,"column":4},"end":{"line":28,"column":57}},"6":{"start":{"line":32,"column":4},"end":{"line":34,"column":7}},"7":{"start":{"line":38,"column":4},"end":{"line":42,"column":5}},"8":{"start":{"line":39,"column":6},"end":{"line":41,"column":9}},"9":{"start":{"line":46,"column":47},"end":{"line":46,"column":57}},"10":{"start":{"line":47,"column":41},"end":{"line":47,"column":51}},"11":{"start":{"line":49,"column":4},"end":{"line":55,"column":7}},"12":{"start":{"line":59,"column":25},"end":{"line":59,"column":35}},"13":{"start":{"line":60,"column":25},"end":{"line":60,"column":35}},"14":{"start":{"line":62,"column":4},"end":{"line":65,"column":7}},"15":{"start":{"line":69,"column":30},"end":{"line":69,"column":59}},"16":{"start":{"line":71,"column":4},"end":{"line":74,"column":7}},"17":{"start":{"line":78,"column":35},"end":{"line":78,"column":45}},"18":{"start":{"line":80,"column":4},"end":{"line":82,"column":5}},"19":{"start":{"line":81,"column":6},"end":{"line":81,"column":22}},"20":{"start":{"line":86,"column":28},"end":{"line":86,"column":38}},"21":{"start":{"line":88,"column":4},"end":{"line":88,"column":80}},"22":{"start":{"line":92,"column":50},"end":{"line":92,"column":60}},"23":{"start":{"line":94,"column":4},"end":{"line":105,"column":6}},"24":{"start":{"line":109,"column":36},"end":{"line":109,"column":46}},"25":{"start":{"line":111,"column":4},"end":{"line":125,"column":6}},"26":{"start":{"line":129,"column":25},"end":{"line":129,"column":35}},"27":{"start":{"line":130,"column":21},"end":{"line":130,"column":31}},"28":{"start":{"line":132,"column":4},"end":{"line":146,"column":6}},"29":{"start":{"line":150,"column":0},"end":{"line":165,"column":2}},"30":{"start":{"line":167,"column":0},"end":{"line":174,"column":2}}},"fnMap":{"0":{"name":"(anonymous_0)","decl":{"start":{"line":14,"column":2},"end":{"line":14,"column":3}},"loc":{"start":{"line":14,"column":21},"end":{"line":29,"column":3}},"line":14},"1":{"name":"(anonymous_1)","decl":{"start":{"line":31,"column":2},"end":{"line":31,"column":3}},"loc":{"start":{"line":31,"column":12},"end":{"line":35,"column":3}},"line":31},"2":{"name":"(anonymous_2)","decl":{"start":{"line":37,"column":2},"end":{"line":37,"column":3}},"loc":{"start":{"line":37,"column":16},"end":{"line":43,"column":3}},"line":37},"3":{"name":"(anonymous_3)","decl":{"start":{"line":45,"column":2},"end":{"line":45,"column":3}},"loc":{"start":{"line":45,"column":27},"end":{"line":56,"column":3}},"line":45},"4":{"name":"(anonymous_4)","decl":{"start":{"line":58,"column":2},"end":{"line":58,"column":3}},"loc":{"start":{"line":58,"column":23},"end":{"line":66,"column":3}},"line":58},"5":{"name":"(anonymous_5)","decl":{"start":{"line":68,"column":2},"end":{"line":68,"column":3}},"loc":{"start":{"line":68,"column":19},"end":{"line":75,"column":3}},"line":68},"6":{"name":"(anonymous_6)","decl":{"start":{"line":77,"column":2},"end":{"line":77,"column":3}},"loc":{"start":{"line":77,"column":26},"end":{"line":83,"column":3}},"line":77},"7":{"name":"(anonymous_7)","decl":{"start":{"line":85,"column":2},"end":{"line":85,"column":3}},"loc":{"start":{"line":85,"column":16},"end":{"line":89,"column":3}},"line":85},"8":{"name":"(anonymous_8)","decl":{"start":{"line":91,"column":2},"end":{"line":91,"column":3}},"loc":{"start":{"line":91,"column":17},"end":{"line":106,"column":3}},"line":91},"9":{"name":"(anonymous_9)","decl":{"start":{"line":108,"column":2},"end":{"line":108,"column":3}},"loc":{"start":{"line":108,"column":20},"end":{"line":126,"column":3}},"line":108},"10":{"name":"(anonymous_10)","decl":{"start":{"line":128,"column":2},"end":{"line":128,"column":3}},"loc":{"start":{"line":128,"column":11},"end":{"line":147,"column":3}},"line":128}},"branchMap":{"0":{"loc":{"start":{"line":38,"column":4},"end":{"line":42,"column":5}},"type":"if","locations":[{"start":{"line":38,"column":4},"end":{"line":42,"column":5}},{"start":{"line":38,"column":4},"end":{"line":42,"column":5}}],"line":38},"1":{"loc":{"start":{"line":73,"column":12},"end":{"line":73,"column":51}},"type":"cond-expr","locations":[{"start":{"line":73,"column":32},"end":{"line":73,"column":38}},{"start":{"line":73,"column":41},"end":{"line":73,"column":51}}],"line":73},"2":{"loc":{"start":{"line":80,"column":4},"end":{"line":82,"column":5}},"type":"if","locations":[{"start":{"line":80,"column":4},"end":{"line":82,"column":5}},{"start":{"line":80,"column":4},"end":{"line":82,"column":5}}],"line":80},"3":{"loc":{"start":{"line":88,"column":11},"end":{"line":88,"column":79}},"type":"binary-expr","locations":[{"start":{"line":88,"column":11},"end":{"line":88,"column":22}},{"start":{"line":88,"column":26},"end":{"line":88,"column":79}}],"line":88},"4":{"loc":{"start":{"line":95,"column":6},"end":{"line":104,"column":7}},"type":"binary-expr","locations":[{"start":{"line":95,"column":6},"end":{"line":95,"column":20}},{"start":{"line":96,"column":8},"end":{"line":103,"column":17}}],"line":95},"5":{"loc":{"start":{"line":101,"column":19},"end":{"line":101,"column":65}},"type":"cond-expr","locations":[{"start":{"line":101,"column":39},"end":{"line":101,"column":48}},{"start":{"line":101,"column":51},"end":{"line":101,"column":65}}],"line":101}},"s":{"0":11,"1":11,"2":11,"3":11,"4":11,"5":11,"6":1,"7":0,"8":0,"9":12,"10":12,"11":12,"12":12,"13":12,"14":12,"15":0,"16":0,"17":2,"18":2,"19":1,"20":12,"21":12,"22":12,"23":12,"24":12,"25":12,"26":12,"27":12,"28":12,"29":2,"30":2},"f":{"0":11,"1":1,"2":0,"3":12,"4":12,"5":0,"6":2,"7":12,"8":12,"9":12,"10":12},"b":{"0":[0,0],"1":[0,0],"2":[1,1],"3":[12,1],"4":[12,4],"5":[0,4]},"_coverageSchema":"332fd63041d2c1bcb487cc26dd0d5f7d97098a6c","hash":"4f1d3156615c542ca8cb1a6820a449613106b9a9"}
,"/Users/yevhenii.mykhailenko/projects/ui-kit/src/components/InputGroup/InputGroup.jsx": {"path":"/Users/yevhenii.mykhailenko/projects/ui-kit/src/components/InputGroup/InputGroup.jsx","statementMap":{"0":{"start":{"line":5,"column":19},"end":{"line":9,"column":1}},"1":{"start":{"line":6,"column":23},"end":{"line":6,"column":28}},"2":{"start":{"line":8,"column":2},"end":{"line":8,"column":65}},"3":{"start":{"line":11,"column":0},"end":{"line":16,"column":2}}},"fnMap":{"0":{"name":"(anonymous_0)","decl":{"start":{"line":5,"column":19},"end":{"line":5,"column":20}},"loc":{"start":{"line":5,"column":30},"end":{"line":9,"column":1}},"line":5}},"branchMap":{},"s":{"0":1,"1":1,"2":1,"3":1},"f":{"0":1},"b":{},"_coverageSchema":"332fd63041d2c1bcb487cc26dd0d5f7d97098a6c","hash":"235fc7f782c940ecda71c193cb3cd2ec1d674684"}
,"/Users/yevhenii.mykhailenko/projects/ui-kit/src/components/Label/Label.jsx": {"path":"/Users/yevhenii.mykhailenko/projects/ui-kit/src/components/Label/Label.jsx","statementMap":{"0":{"start":{"line":7,"column":14},"end":{"line":21,"column":1}},"1":{"start":{"line":8,"column":51},"end":{"line":8,"column":56}},"2":{"start":{"line":10,"column":2},"end":{"line":20,"column":4}},"3":{"start":{"line":23,"column":0},"end":{"line":32,"column":2}},"4":{"start":{"line":34,"column":0},"end":{"line":38,"column":2}},"5":{"start":{"line":40,"column":0},"end":{"line":40,"column":22}}},"fnMap":{"0":{"name":"(anonymous_0)","decl":{"start":{"line":7,"column":14},"end":{"line":7,"column":15}},"loc":{"start":{"line":7,"column":25},"end":{"line":21,"column":1}},"line":7}},"branchMap":{},"s":{"0":1,"1":4,"2":4,"3":1,"4":1,"5":1},"f":{"0":4},"b":{},"_coverageSchema":"332fd63041d2c1bcb487cc26dd0d5f7d97098a6c","hash":"c49b5be1d29bfd9573324e2a4814287255d55744"}
,"/Users/yevhenii.mykhailenko/projects/ui-kit/src/components/Logo/Logo.jsx": {"path":"/Users/yevhenii.mykhailenko/projects/ui-kit/src/components/Logo/Logo.jsx","statementMap":{"0":{"start":{"line":5,"column":13},"end":{"line":14,"column":1}},"1":{"start":{"line":6,"column":58},"end":{"line":6,"column":63}},"2":{"start":{"line":7,"column":21},"end":{"line":7,"column":38}},"3":{"start":{"line":9,"column":2},"end":{"line":13,"column":4}},"4":{"start":{"line":16,"column":0},"end":{"line":29,"column":2}},"5":{"start":{"line":31,"column":0},"end":{"line":37,"column":2}}},"fnMap":{"0":{"name":"(anonymous_0)","decl":{"start":{"line":5,"column":13},"end":{"line":5,"column":14}},"loc":{"start":{"line":5,"column":24},"end":{"line":14,"column":1}},"line":5}},"branchMap":{},"s":{"0":1,"1":3,"2":3,"3":3,"4":1,"5":1},"f":{"0":3},"b":{},"_coverageSchema":"332fd63041d2c1bcb487cc26dd0d5f7d97098a6c","hash":"ff4c3f4cefc4282b014443ba73a8ea564ea67349"}
,"/Users/yevhenii.mykhailenko/projects/ui-kit/src/components/Select/Select.jsx": {"path":"/Users/yevhenii.mykhailenko/projects/ui-kit/src/components/Select/Select.jsx","statementMap":{"0":{"start":{"line":12,"column":4},"end":{"line":12,"column":17}},"1":{"start":{"line":14,"column":4},"end":{"line":16,"column":6}},"2":{"start":{"line":18,"column":4},"end":{"line":18,"column":61}},"3":{"start":{"line":22,"column":58},"end":{"line":22,"column":68}},"4":{"start":{"line":23,"column":25},"end":{"line":23,"column":35}},"5":{"start":{"line":25,"column":4},"end":{"line":31,"column":7}},"6":{"start":{"line":35,"column":33},"end":{"line":35,"column":43}},"7":{"start":{"line":38,"column":21},"end":{"line":42,"column":6}},"8":{"start":{"line":39,"column":6},"end":{"line":41,"column":15}},"9":{"start":{"line":44,"column":4},"end":{"line":45,"column":78}},"10":{"start":{"line":47,"column":4},"end":{"line":47,"column":20}},"11":{"start":{"line":51,"column":35},"end":{"line":51,"column":45}},"12":{"start":{"line":53,"column":4},"end":{"line":55,"column":5}},"13":{"start":{"line":54,"column":6},"end":{"line":54,"column":13}},"14":{"start":{"line":57,"column":4},"end":{"line":65,"column":5}},"15":{"start":{"line":58,"column":6},"end":{"line":60,"column":9}},"16":{"start":{"line":62,"column":6},"end":{"line":64,"column":9}},"17":{"start":{"line":67,"column":4},"end":{"line":67,"column":20}},"18":{"start":{"line":71,"column":39},"end":{"line":71,"column":49}},"19":{"start":{"line":73,"column":4},"end":{"line":76,"column":6}},"20":{"start":{"line":80,"column":47},"end":{"line":80,"column":57}},"21":{"start":{"line":82,"column":4},"end":{"line":98,"column":6}},"22":{"start":{"line":102,"column":39},"end":{"line":102,"column":49}},"23":{"start":{"line":104,"column":4},"end":{"line":129,"column":6}},"24":{"start":{"line":133,"column":0},"end":{"line":159,"column":2}},"25":{"start":{"line":161,"column":0},"end":{"line":171,"column":2}}},"fnMap":{"0":{"name":"(anonymous_0)","decl":{"start":{"line":11,"column":2},"end":{"line":11,"column":3}},"loc":{"start":{"line":11,"column":21},"end":{"line":19,"column":3}},"line":11},"1":{"name":"(anonymous_1)","decl":{"start":{"line":21,"column":2},"end":{"line":21,"column":3}},"loc":{"start":{"line":21,"column":27},"end":{"line":32,"column":3}},"line":21},"2":{"name":"(anonymous_2)","decl":{"start":{"line":34,"column":2},"end":{"line":34,"column":3}},"loc":{"start":{"line":34,"column":13},"end":{"line":48,"column":3}},"line":34},"3":{"name":"(anonymous_3)","decl":{"start":{"line":38,"column":31},"end":{"line":38,"column":32}},"loc":{"start":{"line":39,"column":6},"end":{"line":41,"column":15}},"line":39},"4":{"name":"(anonymous_4)","decl":{"start":{"line":50,"column":2},"end":{"line":50,"column":3}},"loc":{"start":{"line":50,"column":26},"end":{"line":68,"column":3}},"line":50},"5":{"name":"(anonymous_5)","decl":{"start":{"line":70,"column":2},"end":{"line":70,"column":3}},"loc":{"start":{"line":70,"column":16},"end":{"line":77,"column":3}},"line":70},"6":{"name":"(anonymous_6)","decl":{"start":{"line":79,"column":2},"end":{"line":79,"column":3}},"loc":{"start":{"line":79,"column":20},"end":{"line":99,"column":3}},"line":79},"7":{"name":"(anonymous_7)","decl":{"start":{"line":101,"column":2},"end":{"line":101,"column":3}},"loc":{"start":{"line":101,"column":11},"end":{"line":130,"column":3}},"line":101}},"branchMap":{"0":{"loc":{"start":{"line":44,"column":4},"end":{"line":45,"column":77}},"type":"binary-expr","locations":[{"start":{"line":44,"column":4},"end":{"line":44,"column":14}},{"start":{"line":45,"column":6},"end":{"line":45,"column":77}}],"line":44},"1":{"loc":{"start":{"line":53,"column":4},"end":{"line":55,"column":5}},"type":"if","locations":[{"start":{"line":53,"column":4},"end":{"line":55,"column":5}},{"start":{"line":53,"column":4},"end":{"line":55,"column":5}}],"line":53},"2":{"loc":{"start":{"line":57,"column":4},"end":{"line":65,"column":5}},"type":"if","locations":[{"start":{"line":57,"column":4},"end":{"line":65,"column":5}},{"start":{"line":57,"column":4},"end":{"line":65,"column":5}}],"line":57},"3":{"loc":{"start":{"line":74,"column":6},"end":{"line":75,"column":73}},"type":"binary-expr","locations":[{"start":{"line":74,"column":6},"end":{"line":74,"column":17}},{"start":{"line":75,"column":6},"end":{"line":75,"column":16}},{"start":{"line":75,"column":20},"end":{"line":75,"column":73}}],"line":74},"4":{"loc":{"start":{"line":83,"column":6},"end":{"line":97,"column":7}},"type":"binary-expr","locations":[{"start":{"line":83,"column":6},"end":{"line":83,"column":16}},{"start":{"line":84,"column":8},"end":{"line":96,"column":24}}],"line":83}},"s":{"0":10,"1":10,"2":10,"3":12,"4":12,"5":12,"6":12,"7":12,"8":60,"9":12,"10":12,"11":3,"12":3,"13":1,"14":2,"15":2,"16":0,"17":2,"18":12,"19":12,"20":12,"21":12,"22":12,"23":12,"24":1,"25":1},"f":{"0":10,"1":12,"2":12,"3":60,"4":3,"5":12,"6":12,"7":12},"b":{"0":[12,10],"1":[1,2],"2":[2,0],"3":[12,1,1],"4":[12,10]},"_coverageSchema":"332fd63041d2c1bcb487cc26dd0d5f7d97098a6c","hash":"a5dacc50f7e36d5c31b870100ea9e48711b91783"}
,"/Users/yevhenii.mykhailenko/projects/ui-kit/src/components/SportsNavigation/SportsNavigation.jsx": {"path":"/Users/yevhenii.mykhailenko/projects/ui-kit/src/components/SportsNavigation/SportsNavigation.jsx","statementMap":{"0":{"start":{"line":8,"column":25},"end":{"line":33,"column":1}},"1":{"start":{"line":9,"column":43},"end":{"line":9,"column":48}},"2":{"start":{"line":11,"column":24},"end":{"line":14,"column":6}},"3":{"start":{"line":12,"column":4},"end":{"line":14,"column":6}},"4":{"start":{"line":16,"column":22},"end":{"line":30,"column":6}},"5":{"start":{"line":17,"column":4},"end":{"line":30,"column":6}},"6":{"start":{"line":18,"column":6},"end":{"line":29,"column":10}},"7":{"start":{"line":25,"column":28},"end":{"line":25,"column":48}},"8":{"start":{"line":32,"column":2},"end":{"line":32,"column":66}},"9":{"start":{"line":35,"column":0},"end":{"line":35,"column":33}},"10":{"start":{"line":37,"column":0},"end":{"line":50,"column":2}},"11":{"start":{"line":52,"column":0},"end":{"line":55,"column":2}}},"fnMap":{"0":{"name":"(anonymous_0)","decl":{"start":{"line":8,"column":25},"end":{"line":8,"column":26}},"loc":{"start":{"line":8,"column":36},"end":{"line":33,"column":1}},"line":8},"1":{"name":"(anonymous_1)","decl":{"start":{"line":11,"column":24},"end":{"line":11,"column":25}},"loc":{"start":{"line":12,"column":4},"end":{"line":14,"column":6}},"line":12},"2":{"name":"(anonymous_2)","decl":{"start":{"line":16,"column":22},"end":{"line":16,"column":23}},"loc":{"start":{"line":17,"column":4},"end":{"line":30,"column":6}},"line":17},"3":{"name":"(anonymous_3)","decl":{"start":{"line":17,"column":14},"end":{"line":17,"column":15}},"loc":{"start":{"line":18,"column":6},"end":{"line":29,"column":10}},"line":18},"4":{"name":"(anonymous_4)","decl":{"start":{"line":25,"column":17},"end":{"line":25,"column":18}},"loc":{"start":{"line":25,"column":28},"end":{"line":25,"column":48}},"line":25}},"branchMap":{},"s":{"0":1,"1":4,"2":4,"3":16,"4":4,"5":4,"6":16,"7":1,"8":4,"9":1,"10":1,"11":1},"f":{"0":4,"1":16,"2":4,"3":16,"4":1},"b":{},"_coverageSchema":"332fd63041d2c1bcb487cc26dd0d5f7d97098a6c","hash":"193f63ded0a16e8c183328097b15a1579bc754ca"}
,"/Users/yevhenii.mykhailenko/projects/ui-kit/src/components/Tabs/Tabs.jsx": {"path":"/Users/yevhenii.mykhailenko/projects/ui-kit/src/components/Tabs/Tabs.jsx","statementMap":{"0":{"start":{"line":6,"column":13},"end":{"line":36,"column":1}},"1":{"start":{"line":7,"column":47},"end":{"line":7,"column":52}},"2":{"start":{"line":9,"column":24},"end":{"line":12,"column":6}},"3":{"start":{"line":10,"column":4},"end":{"line":12,"column":6}},"4":{"start":{"line":14,"column":21},"end":{"line":25,"column":6}},"5":{"start":{"line":15,"column":4},"end":{"line":25,"column":6}},"6":{"start":{"line":16,"column":6},"end":{"line":24,"column":12}},"7":{"start":{"line":20,"column":10},"end":{"line":20,"column":26}},"8":{"start":{"line":27,"column":2},"end":{"line":35,"column":4}},"9":{"start":{"line":38,"column":0},"end":{"line":38,"column":21}},"10":{"start":{"line":40,"column":0},"end":{"line":54,"column":2}},"11":{"start":{"line":56,"column":0},"end":{"line":60,"column":2}}},"fnMap":{"0":{"name":"(anonymous_0)","decl":{"start":{"line":6,"column":13},"end":{"line":6,"column":14}},"loc":{"start":{"line":6,"column":24},"end":{"line":36,"column":1}},"line":6},"1":{"name":"(anonymous_1)","decl":{"start":{"line":9,"column":24},"end":{"line":9,"column":25}},"loc":{"start":{"line":10,"column":4},"end":{"line":12,"column":6}},"line":10},"2":{"name":"(anonymous_2)","decl":{"start":{"line":14,"column":21},"end":{"line":14,"column":22}},"loc":{"start":{"line":15,"column":4},"end":{"line":25,"column":6}},"line":15},"3":{"name":"(anonymous_3)","decl":{"start":{"line":15,"column":13},"end":{"line":15,"column":14}},"loc":{"start":{"line":16,"column":6},"end":{"line":24,"column":12}},"line":16},"4":{"name":"(anonymous_4)","decl":{"start":{"line":19,"column":17},"end":{"line":19,"column":18}},"loc":{"start":{"line":19,"column":23},"end":{"line":21,"column":9}},"line":19}},"branchMap":{},"s":{"0":1,"1":5,"2":5,"3":20,"4":5,"5":5,"6":20,"7":1,"8":5,"9":1,"10":1,"11":1},"f":{"0":5,"1":20,"2":5,"3":20,"4":1},"b":{},"_coverageSchema":"332fd63041d2c1bcb487cc26dd0d5f7d97098a6c","hash":"796cc7a8b37bcae502307cd1ee72164e5cf1cdd7"}
}
