TN:
SF:/Users/yevhenii.mykhailenko/projects/ui-kit/src/components/Button/Button.jsx
FN:9,(anonymous_0)
FN:23,(anonymous_1)
FN:31,(anonymous_2)
FN:42,(anonymous_3)
FNF:4
FNH:4
FNDA:7,(anonymous_0)
FNDA:7,(anonymous_1)
FNDA:7,(anonymous_2)
FNDA:1,(anonymous_3)
DA:9,1
DA:21,7
DA:23,7
DA:24,7
DA:31,7
DA:32,7
DA:42,7
DA:43,1
DA:46,7
DA:59,1
DA:61,1
DA:84,1
LF:12
LH:12
BRDA:32,0,0,7
BRDA:32,0,1,1
BRDA:32,0,2,1
BRDA:43,1,0,1
BRDA:43,1,1,1
BRF:5
BRH:5
end_of_record
TN:
SF:/Users/yevhenii.mykhailenko/projects/ui-kit/src/components/Grid/Col.jsx
FN:6,(anonymous_0)
FN:9,(anonymous_1)
FNF:2
FNH:2
FNDA:12,(anonymous_0)
FNDA:12,(anonymous_1)
DA:6,1
DA:7,12
DA:9,12
DA:10,12
DA:18,12
DA:21,1
DA:40,1
LF:7
LH:7
BRF:0
BRH:0
end_of_record
TN:
SF:/Users/yevhenii.mykhailenko/projects/ui-kit/src/components/Grid/Container.jsx
FN:5,(anonymous_0)
FNF:1
FNH:1
FNDA:2,(anonymous_0)
DA:5,1
DA:6,2
DA:8,2
DA:11,1
LF:4
LH:4
BRF:0
BRH:0
end_of_record
TN:
SF:/Users/yevhenii.mykhailenko/projects/ui-kit/src/components/Grid/Row.jsx
FN:5,(anonymous_0)
FNF:1
FNH:1
FNDA:2,(anonymous_0)
DA:5,1
DA:6,2
DA:8,2
DA:11,1
LF:4
LH:4
BRF:0
BRH:0
end_of_record
TN:
SF:/Users/yevhenii.mykhailenko/projects/ui-kit/src/components/Icon/Icon.jsx
FN:10,(anonymous_0)
FNF:1
FNH:1
FNDA:6,(anonymous_0)
DA:8,6
DA:10,6
DA:11,6
DA:13,6
DA:25,6
DA:38,6
DA:45,6
LF:7
LH:7
BRF:0
BRH:0
end_of_record
TN:
SF:/Users/yevhenii.mykhailenko/projects/ui-kit/src/components/Icon/importIcons.js
FN:1,(anonymous_0)
FN:2,importAllIcons
FN:12,(anonymous_2)
FN:13,(anonymous_3)
FNF:4
FNH:0
FNDA:0,(anonymous_0)
FNDA:0,importAllIcons
FNDA:0,(anonymous_2)
FNDA:0,(anonymous_3)
DA:3,0
DA:6,0
DA:8,0
DA:10,0
DA:12,0
DA:13,0
LF:6
LH:0
BRF:0
BRH:0
end_of_record
TN:
SF:/Users/yevhenii.mykhailenko/projects/ui-kit/src/components/Input/Input.jsx
FN:14,(anonymous_0)
FN:31,(anonymous_1)
FN:37,(anonymous_2)
FN:45,(anonymous_3)
FN:58,(anonymous_4)
FN:68,(anonymous_5)
FN:77,(anonymous_6)
FN:85,(anonymous_7)
FN:91,(anonymous_8)
FN:108,(anonymous_9)
FN:128,(anonymous_10)
FNF:11
FNH:9
FNDA:11,(anonymous_0)
FNDA:1,(anonymous_1)
FNDA:0,(anonymous_2)
FNDA:12,(anonymous_3)
FNDA:12,(anonymous_4)
FNDA:0,(anonymous_5)
FNDA:2,(anonymous_6)
FNDA:12,(anonymous_7)
FNDA:12,(anonymous_8)
FNDA:12,(anonymous_9)
FNDA:12,(anonymous_10)
DA:15,11
DA:18,11
DA:25,11
DA:26,11
DA:27,11
DA:28,11
DA:32,1
DA:38,0
DA:39,0
DA:46,12
DA:47,12
DA:49,12
DA:59,12
DA:60,12
DA:62,12
DA:69,0
DA:71,0
DA:78,2
DA:80,2
DA:81,1
DA:86,12
DA:88,12
DA:92,12
DA:94,12
DA:109,12
DA:111,12
DA:129,12
DA:130,12
DA:132,12
DA:150,2
DA:167,2
LF:31
LH:27
BRDA:38,0,0,0
BRDA:38,0,1,0
BRDA:73,1,0,0
BRDA:73,1,1,0
BRDA:80,2,0,1
BRDA:80,2,1,1
BRDA:88,3,0,12
BRDA:88,3,1,1
BRDA:95,4,0,12
BRDA:95,4,1,4
BRDA:101,5,0,0
BRDA:101,5,1,4
BRF:12
BRH:7
end_of_record
TN:
SF:/Users/yevhenii.mykhailenko/projects/ui-kit/src/components/InputGroup/InputGroup.jsx
FN:5,(anonymous_0)
FNF:1
FNH:1
FNDA:1,(anonymous_0)
DA:5,1
DA:6,1
DA:8,1
DA:11,1
LF:4
LH:4
BRF:0
BRH:0
end_of_record
TN:
SF:/Users/yevhenii.mykhailenko/projects/ui-kit/src/components/Label/Label.jsx
FN:7,(anonymous_0)
FNF:1
FNH:1
FNDA:4,(anonymous_0)
DA:7,1
DA:8,4
DA:10,4
DA:23,1
DA:34,1
DA:40,1
LF:6
LH:6
BRF:0
BRH:0
end_of_record
TN:
SF:/Users/yevhenii.mykhailenko/projects/ui-kit/src/components/Logo/Logo.jsx
FN:5,(anonymous_0)
FNF:1
FNH:1
FNDA:3,(anonymous_0)
DA:5,1
DA:6,3
DA:7,3
DA:9,3
DA:16,1
DA:31,1
LF:6
LH:6
BRF:0
BRH:0
end_of_record
TN:
SF:/Users/yevhenii.mykhailenko/projects/ui-kit/src/components/Select/Select.jsx
FN:11,(anonymous_0)
FN:21,(anonymous_1)
FN:34,(anonymous_2)
FN:38,(anonymous_3)
FN:50,(anonymous_4)
FN:70,(anonymous_5)
FN:79,(anonymous_6)
FN:101,(anonymous_7)
FNF:8
FNH:8
FNDA:10,(anonymous_0)
FNDA:12,(anonymous_1)
FNDA:12,(anonymous_2)
FNDA:60,(anonymous_3)
FNDA:3,(anonymous_4)
FNDA:12,(anonymous_5)
FNDA:12,(anonymous_6)
FNDA:12,(anonymous_7)
DA:12,10
DA:14,10
DA:18,10
DA:22,12
DA:23,12
DA:25,12
DA:35,12
DA:38,12
DA:39,60
DA:44,12
DA:47,12
DA:51,3
DA:53,3
DA:54,1
DA:57,2
DA:58,2
DA:62,0
DA:67,2
DA:71,12
DA:73,12
DA:80,12
DA:82,12
DA:102,12
DA:104,12
DA:133,1
DA:161,1
LF:26
LH:25
BRDA:44,0,0,12
BRDA:44,0,1,10
BRDA:53,1,0,1
BRDA:53,1,1,2
BRDA:57,2,0,2
BRDA:57,2,1,0
BRDA:74,3,0,12
BRDA:74,3,1,1
BRDA:74,3,2,1
BRDA:83,4,0,12
BRDA:83,4,1,10
BRF:11
BRH:10
end_of_record
TN:
SF:/Users/yevhenii.mykhailenko/projects/ui-kit/src/components/SportsNavigation/SportsNavigation.jsx
FN:8,(anonymous_0)
FN:11,(anonymous_1)
FN:16,(anonymous_2)
FN:17,(anonymous_3)
FN:25,(anonymous_4)
FNF:5
FNH:5
FNDA:4,(anonymous_0)
FNDA:16,(anonymous_1)
FNDA:4,(anonymous_2)
FNDA:16,(anonymous_3)
FNDA:1,(anonymous_4)
DA:8,1
DA:9,4
DA:11,4
DA:12,16
DA:16,4
DA:17,4
DA:18,16
DA:25,1
DA:32,4
DA:35,1
DA:37,1
DA:52,1
LF:12
LH:12
BRF:0
BRH:0
end_of_record
TN:
SF:/Users/yevhenii.mykhailenko/projects/ui-kit/src/components/Tabs/Tabs.jsx
FN:6,(anonymous_0)
FN:9,(anonymous_1)
FN:14,(anonymous_2)
FN:15,(anonymous_3)
FN:19,(anonymous_4)
FNF:5
FNH:5
FNDA:5,(anonymous_0)
FNDA:20,(anonymous_1)
FNDA:5,(anonymous_2)
FNDA:20,(anonymous_3)
FNDA:1,(anonymous_4)
DA:6,1
DA:7,5
DA:9,5
DA:10,20
DA:14,5
DA:15,5
DA:16,20
DA:20,1
DA:27,5
DA:38,1
DA:40,1
DA:56,1
LF:12
LH:12
BRF:0
BRH:0
end_of_record
